Arguments: 
  /Users/mayowa/.nvm/versions/node/v12.21.0/bin/node /Users/mayowa/.nvm/versions/node/v12.21.0/bin/yarn publish

PATH: 
  /Users/mayowa/.nvm/versions/node/v12.21.0/bin:/Users/mayowa/.serverless/bin:/usr/local/bin:/usr/bin:/bin:/usr/sbin:/sbin:/Library/Apple/usr/bin:/Users/mayowa/.cargo/bin:/Users/mayowa/Documents/work/Composable/composable-sdk/node_modules/.bin

Yarn version: 
  1.22.10

Node version: 
  12.21.0

Platform: 
  darwin x64

Trace: 
  SyntaxError: /Users/mayowa/Documents/work/Composable/composable-sdk/contracts/package.json: Unexpected token ] in JSON at position 667
      at JSON.parse (<anonymous>)
      at /Users/mayowa/.nvm/versions/node/v12.21.0/lib/node_modules/yarn/lib/cli.js:1625:59
      at Generator.next (<anonymous>)
      at step (/Users/mayowa/.nvm/versions/node/v12.21.0/lib/node_modules/yarn/lib/cli.js:310:30)
      at /Users/mayowa/.nvm/versions/node/v12.21.0/lib/node_modules/yarn/lib/cli.js:321:13

npm manifest: 
  {
    "name": "@composable-finance/sdk-contracts",
    "version": "1.0.4-alpha",
    "description": "SDK for cross-layer transactions",
    "main": "index.js",
    "repository": "https://github.com/ComposableFi/composable-sdk",
    "author": "composable.finance",
    "contributors": [
      "denis-abag",
      "Eladio Sanchez",
      "Mayowa Tudonu"
    ],
    "license": "MIT",
    "private": false,
    "dependencies": {
      "@openzeppelin/contracts-upgradeable": "^4.3.2"
    },
    "scripts": {
      "build": "hardhat compile && tsc"
    },
    "files": [
      "/cross-layer",
      "/utils/libraries",
      "/utils/Ownable.sol",
      "/utils/Operations.sol",
      "/utils/protocol_config/interfaces",
    ]
  }

yarn manifest: 
  No manifest

Lockfile: 
  # THIS IS AN AUTOGENERATED FILE. DO NOT EDIT THIS FILE DIRECTLY.
  # yarn lockfile v1
  
  
  "@openzeppelin/contracts-upgradeable@^4.3.2":
    version "4.3.2"
    resolved "https://registry.npmjs.org/@openzeppelin/contracts-upgradeable/-/contracts-upgradeable-4.3.2.tgz#92df481362e366c388fc02133cf793029c744cea"
    integrity sha512-i/pOaOtcqDk4UqsrOv735uYyTbn6dvfiuVu5hstsgV6c4ZKUtu88/31zT2BzkCg+3JfcwOfgg2TtRKVKKZIGkQ==
